<?xml version="1.0" encoding="UTF-8"?>
<testsuite name="RectangularMapTest" tests="1" skipped="0" failures="0" errors="0" timestamp="2022-11-12T18:31:57" hostname="michal-IdeaPad-5-14ARE05" time="0.008">
  <properties/>
  <testcase name="testRectangularMap()" classname="RectangularMapTest" time="0.008"/>
  <system-out><![CDATA[ y\x  0 1 2 3 4 5
  6: -------------
  5: | | |N| | | |
  4: | | | | | | |
  3: | | | | | | |
  2: | | | |W| | |
  1: | | | | | | |
  0: | | | | | | |
 -1: -------------
 y\x  0 1 2 3 4 5
  6: -------------
  5: | | |N| | | |
  4: | | | | | | |
  3: | | | | | | |
  2: | | | | |W| |
  1: | | | | | | |
  0: | | | | | | |
 -1: -------------
 y\x  0 1 2 3 4 5
  6: -------------
  5: | | |N| | | |
  4: | | | | | | |
  3: | | | | | | |
  2: | | | | | |W|
  1: | | | | | | |
  0: | | | | | | |
 -1: -------------
 y\x  0 1 2 3 4 5
  6: -------------
  5: | | |N| | | |
  4: | | | | | | |
  3: | | | | | | |
  2: | | | | | |W|
  1: | | | | | | |
  0: | | | | | | |
 -1: -------------
 y\x  0 1 2 3 4 5
  6: -------------
  5: | | |N| | | |
  4: | | | | | | |
  3: | | | | | | |
  2: | | | | | |W|
  1: | | | | | | |
  0: | | | | | | |
 -1: -------------
]]></system-out>
  <system-err><![CDATA[]]></system-err>
</testsuite>
